0 info it worked if it ends with ok
1 verbose cli [ 'C:\\Program Files\\nodejs\\\\node.exe',
1 verbose cli   'C:\\Program Files\\nodejs\\node_modules\\npm\\bin\\npm-cli.js',
1 verbose cli   'install',
1 verbose cli   '--save',
1 verbose cli   'dat.gui.min.js' ]
2 info using npm@2.9.1
3 info using node@v0.12.3
4 verbose node symlink C:\Program Files\nodejs\\node.exe
5 verbose install initial load of C:\Users\Romain\Documents\GitHub\SnailsBattleground\package.json
6 warn package.json SnailsBattleground@0.1.0 No repository field.
7 warn package.json SnailsBattleground@0.1.0 No README data
8 verbose installManyTop reading scoped package data from C:\Users\Romain\Documents\GitHub\SnailsBattleground\node_modules\express\package.json
9 verbose installManyTop reading scoped package data from C:\Users\Romain\Documents\GitHub\SnailsBattleground\node_modules\node-uuid\package.json
10 verbose installManyTop reading scoped package data from C:\Users\Romain\Documents\GitHub\SnailsBattleground\node_modules\socket.io\package.json
11 verbose readDependencies loading dependencies from C:\Users\Romain\Documents\GitHub\SnailsBattleground\package.json
12 silly cache add args [ 'dat.gui.min.js', null ]
13 verbose cache add spec dat.gui.min.js
14 silly cache add parsed spec { raw: 'dat.gui.min.js',
14 silly cache add   scope: null,
14 silly cache add   name: 'dat.gui.min.js',
14 silly cache add   rawSpec: '',
14 silly cache add   spec: '*',
14 silly cache add   type: 'range' }
15 silly addNamed dat.gui.min.js@*
16 verbose addNamed "*" is a valid semver range for dat.gui.min.js
17 silly addNameRange { name: 'dat.gui.min.js', range: '*', hasData: false }
18 silly mapToRegistry name dat.gui.min.js
19 silly mapToRegistry using default registry
20 silly mapToRegistry registry https://registry.npmjs.org/
21 silly mapToRegistry uri https://registry.npmjs.org/dat.gui.min.js
22 verbose addNameRange registry:https://registry.npmjs.org/dat.gui.min.js not in flight; fetching
23 verbose request uri https://registry.npmjs.org/dat.gui.min.js
24 verbose request no auth needed
25 info attempt registry request try #1 at 9:44:12 PM
26 verbose request id 55bcf0780786f84e
27 http request GET https://registry.npmjs.org/dat.gui.min.js
28 http 404 https://registry.npmjs.org/dat.gui.min.js
29 verbose headers { server: 'CouchDB/1.5.0 (Erlang OTP/R16B03)',
29 verbose headers   'content-type': 'application/json',
29 verbose headers   'cache-control': 'max-age=0',
29 verbose headers   'content-length': '51',
29 verbose headers   'accept-ranges': 'bytes',
29 verbose headers   date: 'Mon, 25 May 2015 20:44:13 GMT',
29 verbose headers   via: '1.1 varnish',
29 verbose headers   age: '0',
29 verbose headers   connection: 'keep-alive',
29 verbose headers   'x-served-by': 'cache-lcy1126-LCY',
29 verbose headers   'x-cache': 'MISS',
29 verbose headers   'x-cache-hits': '0',
29 verbose headers   'x-timer': 'S1432586653.199563,VS0,VE163' }
30 silly get cb [ 404,
30 silly get   { server: 'CouchDB/1.5.0 (Erlang OTP/R16B03)',
30 silly get     'content-type': 'application/json',
30 silly get     'cache-control': 'max-age=0',
30 silly get     'content-length': '51',
30 silly get     'accept-ranges': 'bytes',
30 silly get     date: 'Mon, 25 May 2015 20:44:13 GMT',
30 silly get     via: '1.1 varnish',
30 silly get     age: '0',
30 silly get     connection: 'keep-alive',
30 silly get     'x-served-by': 'cache-lcy1126-LCY',
30 silly get     'x-cache': 'MISS',
30 silly get     'x-cache-hits': '0',
30 silly get     'x-timer': 'S1432586653.199563,VS0,VE163' } ]
31 verbose stack Error: 404 Not Found: dat.gui.min.js
31 verbose stack     at CachingRegistryClient.<anonymous> (C:\Program Files\nodejs\node_modules\npm\node_modules\npm-registry-client\lib\request.js:245:14)
31 verbose stack     at Request._callback (C:\Program Files\nodejs\node_modules\npm\node_modules\npm-registry-client\lib\request.js:170:14)
31 verbose stack     at Request.self.callback (C:\Program Files\nodejs\node_modules\npm\node_modules\request\request.js:368:22)
31 verbose stack     at Request.emit (events.js:110:17)
31 verbose stack     at Request.<anonymous> (C:\Program Files\nodejs\node_modules\npm\node_modules\request\request.js:1219:14)
31 verbose stack     at Request.emit (events.js:129:20)
31 verbose stack     at IncomingMessage.<anonymous> (C:\Program Files\nodejs\node_modules\npm\node_modules\request\request.js:1167:12)
31 verbose stack     at IncomingMessage.emit (events.js:129:20)
31 verbose stack     at _stream_readable.js:908:16
31 verbose stack     at process._tickCallback (node.js:355:11)
32 verbose statusCode 404
33 verbose pkgid dat.gui.min.js
34 verbose cwd C:\Users\Romain\Documents\GitHub\SnailsBattleground
35 error Windows_NT 6.3.9600
36 error argv "C:\\Program Files\\nodejs\\\\node.exe" "C:\\Program Files\\nodejs\\node_modules\\npm\\bin\\npm-cli.js" "install" "--save" "dat.gui.min.js"
37 error node v0.12.3
38 error npm  v2.9.1
39 error code E404
40 error 404 Not Found: dat.gui.min.js
40 error 404
40 error 404 'dat.gui.min.js' is not in the npm registry.
40 error 404 You should bug the author to publish it (or use the name yourself!)
40 error 404 It was specified as a dependency of 'SnailsBattleground'
40 error 404
40 error 404 Note that you can also install from a
40 error 404 tarball, folder, http url, or git url.
41 verbose exit [ 1, true ]
